Chat Log - Date: 2048-07-27 | Time: 04:00 

[Channel: #debriefing]

[04:00]
0xA5min: Great job last night, everyone. We’ve got the Project Specter core. Let’s discuss our next steps.

[04:01]
Specter: First, we need to analyze the core. Understand exactly what we’re dealing with.

[04:02]
ByteCrusher: I agree. I can start working on that. We need to know its capabilities and potential risks.

[04:03]
IronClad: While ByteCrusher handles the analysis, we should consider our long-term strategy. What’s our end goal?

[04:04]
RogueWave: Do we keep it, destroy it, or hand it over to someone we trust? Each option has its risks.

[04:05]
CipherEye: We could leverage it against ShadowGhost. But that might make us targets.

[04:06]
0xA5min: True. We need to weigh our options carefully. Let’s start with the analysis. ByteCrusher, how long do you think it will take?

[04:07]
ByteCrusher: A few days, maybe less if we work around the clock. I’ll need a secure environment to do this.

[04:08]
Specter: I can help with that. We’ll set up a secure lab and monitor for any external threats.

[04:09]
IronClad: In the meantime, we should prepare for any retaliation from ShadowGhost. He won’t take this loss lightly.

[04:10]
RogueWave: I’ll reach out to our contacts and see if we can get more intel on his next move.

[04:11]
CipherEye: And I’ll fortify our cyber defenses. We need to be ready for anything.

[04:12]
0xA5min: Good. Let’s all stay on high alert. ByteCrusher, keep us updated on the analysis.

[04:13]
ByteCrusher: Will do. Starting the analysis now.

[04:14]
Specter: Setting up the secure lab. I’ll handle the monitoring.

[04:15]
IronClad: I’ll coordinate our defensive measures and prepare contingencies.

[04:16]
RogueWave: I’ll handle intel gathering and ensure we’re stocked on supplies.

[04:17]
CipherEye: Cyber defenses are being reinforced. We’ll be ready.

[04:18]
0xA5min: Excellent. Let’s stay vigilant. We’ve won a battle, but the war is far from over.

[04:19]
ByteCrusher: Beginning the core analysis… this is some advanced tech. It’s going to take all our skills to understand it.

[04:20]
Specter: Monitoring all channels. Any sign of ShadowGhost, and we’ll know.

[04:21]
IronClad: Security measures in place. We’re as fortified as we can be.

[04:22]
RogueWave: Contacts are reporting unusual activity in the underworld. ShadowGhost might be planning something big.

[04:23]
CipherEye: Cyber defenses at full strength. No one’s getting through easily.

[04:24]
0xA5min: Good work, everyone. Let’s keep our focus and see this through. ByteCrusher, keep us posted on any findings.

[04:25]
ByteCrusher: Will do. This AI… it’s unlike anything I’ve seen. If we can harness it, the possibilities are endless.

[04:26]
Specter: But we need to be cautious. This kind of power can easily backfire.

[04:27]
IronClad: Agreed. Let’s not rush into anything. We need to fully understand what we’re dealing with.

[04:28]
RogueWave: And let’s be prepared for ShadowGhost’s retaliation. He won’t stay quiet for long.

[04:29]
CipherEye: We’ll stay vigilant. Our best defense is being prepared for any attack.

[04:30]
0xA5min: Alright. Keep me updated on all fronts. We’re in this together.

[04:31]
ByteCrusher: Understood. Back to the analysis. This is going to be a long night.

[04:32]
Specter: I’ll keep an eye on the network. Any unusual activity, and I’ll alert you.

[04:33]
IronClad: We’re fortified and ready. Let’s see what ShadowGhost throws at us next.

[04:34]
RogueWave: Gathering intel. We’ll be ready for anything.

[04:35]
CipherEye: Cyber defenses holding strong. We’re prepared.

[04:36]
0xA5min: Let’s do this. Stay sharp, everyone.

Chat Log End
