Chat Log - Date: 2048-07-25 | Time: 03:00 

[Channel: #admin-strategy]

[03:00]
0xA5min: Team, we need to discuss our next steps. ShadowGhost is after Project Specter, and we can't let him get it.

[03:01]
CipherEye: What exactly is Project Specter? I've heard rumors, but nothing concrete.

[03:02]
0xA5min: It’s a NetWatch initiative. An AI capable of breaking any cyber defense. If ShadowGhost gets it, he’ll have control over everything.

[03:03]
IronClad: Damn. That’s some next-level stuff. Do we know where it’s stored?

[03:04]
0xA5min: Deep within NetWatch’s vault. Specter is getting us schematics, but it’s heavily fortified. Physical access is required.

[03:05]
RogueWave: We’re talking about infiltrating the most secure facility in the city. We’ll need a solid plan and top-notch gear.

[03:06]
0xA5min: Agreed. First, we need to gather more intel. ByteCrusher, can you provide any inside knowledge?

[03:07]
ByteCrusher: I can try. I was involved in some of the earlier phases, but my access was limited. I'll dig through my old logs.

[03:08]
IronClad: We’ll also need a distraction. Something to draw their attention away from the vault.

[03:09]
CipherEye: I can handle that. Maybe a cyber attack on one of their external systems? It’ll need to be big enough to warrant a full response.

[03:10]
0xA5min: Good idea. But make sure it doesn’t trace back to us. We can’t afford to have NetWatch on our tail.

[03:11]
RogueWave: I can secure us some high-end gear and breaching tools. We’ll need everything we can get.

[03:12]
0xA5min: Perfect. We need to synchronize our efforts. Specter will send over the schematics soon. Until then, gather as much intel and equipment as you can.

[03:13]
ByteCrusher: I’ve found some old access codes that might still work. I’ll need to test them, but it’s a start.

[03:14]
CipherEye: I’ve identified a few weak points in their external systems. Should be able to exploit them for our distraction.

[03:15]
IronClad: I’ll work on logistics. Transport, escape routes, and contingencies. We need to be ready for anything.

[03:16]
RogueWave: I’ve got contacts who can get us some experimental tech. Risky, but it might give us an edge.

[03:17]
0xA5min: Excellent. Let’s synchronize our efforts and meet back here at 0300 tomorrow. We don’t have much time.

[03:18]
ByteCrusher: Understood. I’ll keep digging and see what else I can find.

[03:19]
CipherEye: I’ll prep the cyber attack. We’ll need precise timing.

[03:20]
IronClad: I’ll have the logistics mapped out by then. We’ll be ready.

[03:21]
RogueWave: Gear and tech will be secured. Let’s do this.

[03:22]
0xA5min: Good luck, everyone. We’re going to need it. Let’s make sure we’re prepared.

[03:23]
CipherEye: And remember, we’re a team. We’ve got each other’s backs.

[03:24]
IronClad: We’ll get through this. Together.

[03:25]
RogueWave: Time to show them what we’re made of.

[03:26]
ByteCrusher: For sure. Let’s do this.

[03:27]
0xA5min: See you all tomorrow at 0300. Stay safe.

Chat Log End
