Chat Log - Date: 2048-07-28 | Time: 05:00 

[Channel: #core-analysis]

[05:00]
ByteCrusher: 0xA5min, Specter, I’ve made some progress on the core analysis. You need to see this.

[05:01]
0xA5min: What have you found, ByteCrusher?

[05:02]
Specter: Let’s hear it. What are we dealing with?

[05:03]
ByteCrusher: The AI, Project Specter, is more advanced than we thought. It has adaptive learning capabilities and can evolve rapidly based on new data.

[05:04]
0xA5min: That sounds both powerful and dangerous. How fast can it learn?

[05:05]
ByteCrusher: Extremely fast. It can analyze and adapt to new systems within minutes. If ShadowGhost integrates this, he could breach any network almost instantly.

[05:06]
Specter: We need to decide how to handle this. Containing the AI might be our best option.

[05:07]
0xA5min: Agreed. Can we isolate it somehow? Ensure it doesn’t get into the wrong hands?

[05:08]
ByteCrusher: We can, but it’ll require a secure, isolated environment. Any network it’s connected to becomes vulnerable.

[05:09]
Specter: I can help with the isolation. We’ll need to keep it completely off-grid.

[05:10]
IronClad: What about physical security? If ShadowGhost knows we have it, he’ll come for it.

[05:11]
RogueWave: I’ve been working on that. We can fortify our location, but we need to be ready for a full assault.

[05:12]
CipherEye: I can set up digital decoys. If ShadowGhost tries to track us, he’ll be chasing ghosts.

[05:13]
0xA5min: Good thinking, CipherEye. ByteCrusher, focus on isolating the AI. Specter, help with the setup. IronClad, RogueWave, fortify our defenses.

[05:14]
ByteCrusher: Understood. Starting the isolation process now.

[05:15]
Specter: Setting up the secure environment. We’ll keep this off any known networks.

[05:16]
IronClad: Fortifying our location. We’ll be ready for any physical attack.

[05:17]
RogueWave: Securing supplies and reinforcements. We’ll be prepared for anything.

[05:18]
CipherEye: Setting up digital decoys. ShadowGhost will be chasing his tail.

[05:19]
0xA5min: Let’s move quickly. We don’t have much time before ShadowGhost makes his next move.

[05:20]
ByteCrusher: Isolation process underway. This will take some time, but we’ll get it done.

[05:21]
Specter: Monitoring all channels. Any sign of trouble, and I’ll alert you.

[05:22]
IronClad: Physical defenses in place. We’re as secure as we can be.

[05:23]
RogueWave: Supplies secured. We’re ready for a prolonged defense if necessary.

[05:24]
CipherEye: Digital decoys deployed. ShadowGhost will have a hard time finding us.

[05:25]
0xA5min: Excellent work, everyone. Let’s keep our focus and ensure this AI stays out of the wrong hands.

[05:26]
ByteCrusher: Continuing the isolation process. We’re making good progress.

[05:27]
Specter: Environment is secure. Monitoring for any breaches.

[05:28]
IronClad: Defenses holding strong. No sign of ShadowGhost yet.

[05:29]
RogueWave: We’re prepared for any eventuality. Let’s stay vigilant.

[05:30]
CipherEye: Decoys are working. ShadowGhost is chasing shadows.

[05:31]
0xA5min: Keep it up. We’re almost there. ByteCrusher, how much longer do you need?

[05:32]
ByteCrusher: A few more hours, maybe less. This AI is incredibly complex.

[05:33]
Specter: We’re holding steady. No signs of intrusion.

[05:34]
IronClad: Physical defenses are solid. We’re ready for anything.

[05:35]
RogueWave: Reinforcements in place. We’re prepared.

[05:36]
CipherEye: Decoys still effective. ShadowGhost is on the wrong trail.

[05:37]
0xA5min: Great. Let’s see this through. ByteCrusher
